
> @ignite-ui/docs@1.0.0 build
> build-storybook

info @storybook/react v6.5.16
info 
info => Cleaning outputDir: /home/arleysouto/Documents/GitHub/design-system/packages/docs/storybook-static
info => Loading presets
info => Loading custom manager config
info => Compiling manager..
info => Loading custom manager config
vite v3.2.7 building for production...
transforming...
info => Manager built (24 s)
Use of eval is strongly discouraged, as it poses security risks and may cause issues with minification
Use of eval is strongly discouraged, as it poses security risks and may cause issues with minification
Use of eval is strongly discouraged, as it poses security risks and may cause issues with minification
✓ 2579 modules transformed.
rendering chunks...
storybook-static/iframe.html                                          13.49 KiB
storybook-static/assets/jsx-runtime.001856ed.js                       1.06 KiB / gzip: 0.65 KiB
storybook-static/assets/jsx-runtime.001856ed.js.map                   2.12 KiB
storybook-static/assets/es.map.constructor.528bee5f.js                0.24 KiB / gzip: 0.20 KiB
storybook-static/assets/es.map.constructor.528bee5f.js.map            0.75 KiB
storybook-static/assets/string.f6603537.js                            0.36 KiB / gzip: 0.28 KiB
storybook-static/assets/string.f6603537.js.map                        1.10 KiB
storybook-static/assets/preview.14673cff.js                           0.78 KiB / gzip: 0.48 KiB
storybook-static/assets/preview.14673cff.js.map                       7.27 KiB
storybook-static/assets/index.35950d07.js                             7.21 KiB / gzip: 2.95 KiB
storybook-static/assets/index.35950d07.js.map                         15.35 KiB
storybook-static/assets/make-decorator.d11b1f7c.js                    0.84 KiB / gzip: 0.49 KiB
storybook-static/assets/make-decorator.d11b1f7c.js.map                2.99 KiB
storybook-static/assets/preview.e717b611.js                           1.93 KiB / gzip: 0.70 KiB
storybook-static/assets/preview.e717b611.js.map                       4.19 KiB
storybook-static/assets/config.7dd750e7.js                            12.88 KiB / gzip: 4.79 KiB
storybook-static/assets/config.7dd750e7.js.map                        56.03 KiB
storybook-static/assets/preview.b64a62ff.js                           9.52 KiB / gzip: 3.34 KiB
storybook-static/assets/preview.b64a62ff.js.map                       38.47 KiB
storybook-static/assets/runtime.4fb997ed.js                           7.01 KiB / gzip: 2.66 KiB
storybook-static/assets/runtime.4fb997ed.js.map                       36.31 KiB
storybook-static/assets/preview.d03decdf.js                           4.47 KiB / gzip: 1.71 KiB
storybook-static/assets/preview.d03decdf.js.map                       16.78 KiB
storybook-static/assets/es.number.to-fixed.ab302e12.js                1.66 KiB / gzip: 1.00 KiB
storybook-static/assets/es.number.to-fixed.ab302e12.js.map            8.02 KiB
storybook-static/assets/preview.a826baca.js                           7.96 KiB / gzip: 1.66 KiB
storybook-static/assets/preview.a826baca.js.map                       16.87 KiB
storybook-static/assets/preview.adb56fa6.js                           0.33 KiB / gzip: 0.25 KiB
storybook-static/assets/preview.adb56fa6.js.map                       0.54 KiB
storybook-static/assets/preview.61bdb93c.js                           10.17 KiB / gzip: 3.94 KiB
storybook-static/assets/preview.61bdb93c.js.map                       42.64 KiB
storybook-static/assets/home.stories.847b5481.js                      1.22 KiB / gzip: 0.71 KiB
storybook-static/assets/home.stories.847b5481.js.map                  1.21 KiB
storybook-static/assets/preview.2bed58a9.js                           10.32 KiB / gzip: 4.01 KiB
storybook-static/assets/preview.2bed58a9.js.map                       49.73 KiB
storybook-static/assets/preview.01ab6c0a.js                           26.37 KiB / gzip: 8.32 KiB
storybook-static/assets/preview.01ab6c0a.js.map                       102.64 KiB
storybook-static/assets/index.75b2c3cd.js                             0.86 KiB / gzip: 0.46 KiB
storybook-static/assets/index.75b2c3cd.js.map                         2.43 KiB
storybook-static/assets/colors.stories.b87a91f0.js                    9.33 KiB / gzip: 3.97 KiB
storybook-static/assets/colors.stories.b87a91f0.js.map                142.76 KiB
storybook-static/assets/font-sizes.stories.80db8126.js                1.40 KiB / gzip: 0.79 KiB
storybook-static/assets/font-sizes.stories.80db8126.js.map            1.52 KiB
storybook-static/assets/TokensGrid.507bdbb7.js                        1.04 KiB / gzip: 0.54 KiB
storybook-static/assets/TokensGrid.507bdbb7.js.map                    1.77 KiB
storybook-static/assets/font-weights.stories.01142a6e.js              1.41 KiB / gzip: 0.79 KiB
storybook-static/assets/font-weights.stories.01142a6e.js.map          1.54 KiB
storybook-static/assets/fonts.stories.132d58e2.js                     1.40 KiB / gzip: 0.78 KiB
storybook-static/assets/fonts.stories.132d58e2.js.map                 1.47 KiB
storybook-static/assets/line-hights.stories.ae350bb0.js               1.40 KiB / gzip: 0.79 KiB
storybook-static/assets/line-hights.stories.ae350bb0.js.map           1.50 KiB
storybook-static/assets/radii.stories.4979032c.js                     1.38 KiB / gzip: 0.78 KiB
storybook-static/assets/radii.stories.4979032c.js.map                 1.45 KiB
storybook-static/assets/space.stories.08aab024.js                     1.39 KiB / gzip: 0.79 KiB
storybook-static/assets/space.stories.08aab024.js.map                 1.49 KiB
storybook-static/assets/Avatar.stories.4620a108.js                    0.45 KiB / gzip: 0.31 KiB
storybook-static/assets/Avatar.stories.4620a108.js.map                0.10 KiB
storybook-static/assets/Box.stories.638b81c7.js                       0.41 KiB / gzip: 0.28 KiB
storybook-static/assets/Box.stories.638b81c7.js.map                   0.10 KiB
storybook-static/assets/Checkbox.stories.f0f5e0a2.js                  0.45 KiB / gzip: 0.32 KiB
storybook-static/assets/Checkbox.stories.f0f5e0a2.js.map              0.11 KiB
storybook-static/assets/Button.stories.662ec6eb.js                    2.97 KiB / gzip: 0.96 KiB
storybook-static/assets/Button.stories.662ec6eb.js.map                6.12 KiB
storybook-static/assets/Heading.stories.099c4e95.js                   0.62 KiB / gzip: 0.40 KiB
storybook-static/assets/Heading.stories.099c4e95.js.map               0.11 KiB
storybook-static/assets/MultiStep.stories.b6de49a9.js                 0.41 KiB / gzip: 0.28 KiB
storybook-static/assets/MultiStep.stories.b6de49a9.js.map             0.11 KiB
storybook-static/assets/Text.stories.494ec3d8.js                      0.73 KiB / gzip: 0.46 KiB
storybook-static/assets/Text.stories.494ec3d8.js.map                  0.10 KiB
storybook-static/assets/TextArea.stories.ab5c884c.js                  0.47 KiB / gzip: 0.32 KiB
storybook-static/assets/TextArea.stories.ab5c884c.js.map              0.11 KiB
storybook-static/assets/TextInput.stories.a9d83804.js                 0.52 KiB / gzip: 0.35 KiB
storybook-static/assets/TextInput.stories.a9d83804.js.map             0.11 KiB
storybook-static/assets/client.a397be67.js                            0.67 KiB / gzip: 0.42 KiB
storybook-static/assets/client.a397be67.js.map                        0.89 KiB
storybook-static/assets/renderDocs.cb2e180a.js                        2.65 KiB / gzip: 1.29 KiB
storybook-static/assets/renderDocs.cb2e180a.js.map                    9.57 KiB
storybook-static/assets/es.string.from-code-point.a96bcfd6.js         0.52 KiB / gzip: 0.39 KiB
storybook-static/assets/es.string.from-code-point.a96bcfd6.js.map     2.16 KiB
storybook-static/assets/index.374bc67e.js                             2.52 KiB / gzip: 1.23 KiB
storybook-static/assets/index.374bc67e.js.map                         6.00 KiB
storybook-static/assets/es.regexp.flags.3450d2a7.js                   0.60 KiB / gzip: 0.42 KiB
storybook-static/assets/es.regexp.flags.3450d2a7.js.map               2.70 KiB
storybook-static/assets/GlobalScrollAreaStyles-8793ce4a.b04f8516.js   10.33 KiB / gzip: 2.37 KiB
storybook-static/assets/GlobalScrollAreaStyles-8793ce4a.b04f8516.js.map 20.40 KiB
storybook-static/assets/index.71b33a35.js                             38.29 KiB / gzip: 13.60 KiB
storybook-static/assets/index.71b33a35.js.map                         138.34 KiB
storybook-static/assets/WithTooltip-167e9982.b258e979.js              40.46 KiB / gzip: 13.55 KiB
storybook-static/assets/WithTooltip-167e9982.b258e979.js.map          176.41 KiB
storybook-static/assets/Color-f953d088.05eea2de.js                    33.88 KiB / gzip: 12.78 KiB
storybook-static/assets/Color-f953d088.05eea2de.js.map                129.69 KiB
storybook-static/assets/TokensGrid.cb00370a.css                       0.48 KiB / gzip: 0.22 KiB
storybook-static/assets/index.ae347945.js                             59.72 KiB / gzip: 21.77 KiB
storybook-static/assets/index.ae347945.js.map                         266.76 KiB
storybook-static/assets/OverlayScrollbars-1355f44c.91cdc246.js        63.24 KiB / gzip: 26.84 KiB
storybook-static/assets/OverlayScrollbars-1355f44c.91cdc246.js.map    430.22 KiB
storybook-static/assets/index.bf7e2597.js                             135.69 KiB / gzip: 44.59 KiB
storybook-static/assets/index.bf7e2597.js.map                         327.51 KiB
storybook-static/assets/syntaxhighlighter-b07b042a.b61f799a.js        125.93 KiB / gzip: 47.91 KiB
storybook-static/assets/syntaxhighlighter-b07b042a.b61f799a.js.map    455.37 KiB
storybook-static/assets/config.ce2cd31b.js                            306.09 KiB / gzip: 89.98 KiB
storybook-static/assets/config.ce2cd31b.js.map                        1094.55 KiB
storybook-static/assets/Props.973e3e11.js                             420.33 KiB / gzip: 124.24 KiB
storybook-static/assets/Props.973e3e11.js.map                         920.21 KiB
storybook-static/assets/iframe.8e994729.js                            523.14 KiB / gzip: 146.05 KiB
storybook-static/assets/iframe.8e994729.js.map                        1457.42 KiB
storybook-static/assets/axe.a026e5f3.js                               577.68 KiB / gzip: 160.83 KiB
storybook-static/assets/axe.a026e5f3.js.map                           1979.96 KiB
storybook-static/assets/formatter-0d5cb0eb.17ef3222.js                741.13 KiB / gzip: 234.09 KiB
storybook-static/assets/formatter-0d5cb0eb.17ef3222.js.map            1742.83 KiB

(!) Some chunks are larger than 500 KiB after minification. Consider:
- Using dynamic import() to code-split the application
- Use build.rollupOptions.output.manualChunks to improve chunking: https://rollupjs.org/guide/en/#outputmanualchunks
- Adjust chunk size limit for this warning via build.chunkSizeWarningLimit.
info => Output directory: /home/arleysouto/Documents/GitHub/design-system/packages/docs/storybook-static
